1654866855157:name -v test
1654866877518:exit
1654866891631:name test
1654866931155:exit
1654866945111:setName 1
1654866970690:name 1
1654866974910:setname 1
1654866980071:set-name 1
1654867470842:name
1654867473854:name 1
1654867533921:name
1654867554003:add-name 1
1654867557060:name
1654867601095:exit
1654867657660:set-name 1
1654867661107:add-name 1
1654867665943:name
1654867676964:add-name 2
1654867678359:name
1654867801649:exit
1654868489089:name
1654868495232:add-name 1
1654868499238:name
1654868555781:name
1654868561769:add-name 3
1654868563613:add-name 4
1654868565298:add-name 5
1654868567124:name
1654869109538:exit
1654869242722:name
1654869246523:add-name 1
1654869272939:name
1654869284707:name
1654869290285:add-name 1234
1654869998560:name
1654870009322:add-name 1
1654870038069:name
1654871066288:d-a
1654871150556:add-name 1
1654871168711:add-name 2
1654871331335:add-name 1
1654871393125:set-name 1
1654871399326:add-name 1
1654871410094:name
1654871467421:nm
1654871469472:aenm
1654871472620:am
1654871475317:aenenm
1654871476465:aenm
1654871477432:am
1654871483665:aeei
1654871544133:test
1654871548071:add-name 1
1654871606457:exit
1654871613769:exit
